<?xml version="1.0" encoding="UTF-8"?>
<testsuite xmlns:xsi="http://www.w3.org/2001/XMLSchema-instance" xsi:noNamespaceSchemaLocation="https://maven.apache.org/surefire/maven-surefire-plugin/xsd/surefire-test-report.xsd" name="family.FamilyTest" time="0.004" tests="3" errors="0" skipped="0" failures="0">
  <properties>
[...]
</properties>
  <testcase name="testGetFamilyHead" classname="family.FamilyTest" time="0"/>
  <testcase name="testAddNewFamilyMember" classname="family.FamilyTest" time="0"/>
  <testcase name="testExceptionIsThrownIfMemberNotPartOfFamily" classname="family.FamilyTest" time="0"/>
</testsuite>